<?xml version="1.0" encoding="UTF-8"?>
<Site BuildName="(empty)"
	BuildStamp="20230707-0655-Experimental"
	Name="hzq-X99"
	Generator="ctest-3.19.3"
	CompilerName="/usr/bin/g++"
	CompilerVersion="9.4.0"
	OSName="Linux"
	Hostname="hzq-X99"
	OSRelease="5.15.0-76-generic"
	OSVersion="#83~20.04.1-Ubuntu SMP Wed Jun 21 20:23:31 UTC 2023"
	OSPlatform="x86_64"
	Is64Bits="1"
	VendorString="GenuineIntel"
	VendorID="Intel Corporation"
	FamilyID="6"
	ModelID="63"
	ProcessorCacheSize="46080"
	NumberOfLogicalCPU="36"
	NumberOfPhysicalCPU="18"
	TotalVirtualMemory="2047"
	TotalPhysicalMemory="64194"
	LogicalProcessorsPerPhysical="2"
	ProcessorClockFrequency="1300"
	>
	<Testing>
		<StartDateTime>Jul 07 18:28 CST</StartDateTime>
		<StartTestTime>1688725689</StartTestTime>
		<TestList/>
		<EndDateTime>Jul 07 18:28 CST</EndDateTime>
		<EndTestTime>1688725689</EndTestTime>
		<ElapsedMinutes>0</ElapsedMinutes>
	</Testing>
</Site>
